<?xml version="1.0" encoding="UTF-8"?>
<!-- Generated by org.testng.reporters.JUnitXMLReporter -->
<testsuite ignored="0" hostname="LTIN514785" failures="0" tests="10" name="ChromeTest" time="34.538" errors="0" timestamp="2024-10-29T17:39:12 IST">
  <testcase classname="TestBase.BaseClass" name="@BeforeClass getDriver" time="-1.730203751351E9">
    <failure type="org.testng.TestNGException" message="
Parameter &amp;apos;browserName&amp;apos; is required by BeforeClass on method getDriver but has not been marked @Optional or defined
in C:\Users\2361367\Downloads\Emi_calculator\hackathon 1 1\hackathon\master.xml">
      <![CDATA[org.testng.TestNGException: 
Parameter 'browserName' is required by BeforeClass on method getDriver but has not been marked @Optional or defined
in C:\Users\2361367\Downloads\Emi_calculator\hackathon 1 1\hackathon\master.xml
at java.base/java.util.ArrayList.forEach(ArrayList.java:1511)
at java.base/java.util.concurrent.FutureTask.run(FutureTask.java:264)
at java.base/java.util.concurrent.ThreadPoolExecutor.runWorker(ThreadPoolExecutor.java:1136)
at java.base/java.util.concurrent.ThreadPoolExecutor$Worker.run(ThreadPoolExecutor.java:635)
at java.base/java.lang.Thread.run(Thread.java:840)
... Removed 12 stack frames]]>
    </failure>
  </testcase> <!-- @BeforeClass getDriver -->
  <testcase classname="TestBase.BaseClass" name="@AfterClass teardown" time="0.0">
    <skipped/>
  </testcase> <!-- @AfterClass teardown -->
  <testcase classname="TestCase.TS001_CarLoanTest" name="carLoan" time="3.099"/>
  <testcase classname="TestCase.TS002_HomeLoanTest" name="homeloan" time="5.159"/>
  <testcase classname="TestCase.TS003_UiValidation" name="calcLoan" time="0.0">
    <skipped/>
  </testcase> <!-- calcLoan -->
  <testcase classname="TestCase.TS003_UiValidation" name="emiBtn" time="0.0">
    <skipped/>
  </testcase> <!-- emiBtn -->
  <testcase classname="TestCase.TS003_UiValidation" name="amtLoan" time="0.0">
    <skipped/>
  </testcase> <!-- amtLoan -->
  <testcase classname="TestCase.TS003_UiValidation" name="rInterest" time="0.0">
    <skipped/>
  </testcase> <!-- rInterest -->
  <testcase classname="TestCase.TS003_UiValidation" name="yearLoanTenure" time="0.0">
    <skipped/>
  </testcase> <!-- yearLoanTenure -->
  <testcase classname="TestCase.TS003_UiValidation" name="monthLoanTenure" time="0.0">
    <skipped/>
  </testcase> <!-- monthLoanTenure -->
  <testcase classname="TestCase.TS003_UiValidation" name="amountLoan" time="0.0">
    <skipped/>
  </testcase> <!-- amountLoan -->
  <testcase classname="TestCase.TS003_UiValidation" name="tenureLoan" time="0.0">
    <skipped/>
  </testcase> <!-- tenureLoan -->
</testsuite> <!-- ChromeTest -->
