<?xml version="1.0" encoding="UTF-8"?>
<!-- Generated by org.testng.reporters.JUnitXMLReporter -->
<testsuite ignored="0" hostname="LTIN514605" failures="0" tests="1" name="Test" time="0.097" errors="0" timestamp="2024-10-28T10:58:38 IST">
  <testcase classname="TestCase.DriverSetup" name="@BeforeClass setup" time="-1.730093318752E9">
    <failure type="org.testng.TestNGException" message="
Parameter &amp;apos;os&amp;apos; is required by BeforeClass on method setup but has not been marked @Optional or defined
in C:\Users\2361373\Downloads\hackathon 1 1\hackathon\testng.xml">
      <![CDATA[org.testng.TestNGException: 
Parameter 'os' is required by BeforeClass on method setup but has not been marked @Optional or defined
in C:\Users\2361373\Downloads\hackathon 1 1\hackathon\testng.xml
at java.base/java.util.ArrayList.forEach(ArrayList.java:1511)
... Removed 22 stack frames]]>
    </failure>
  </testcase> <!-- @BeforeClass setup -->
  <testcase classname="TestCase.DriverSetup" name="@AfterClass tearDown" time="0.0">
    <skipped/>
  </testcase> <!-- @AfterClass tearDown -->
  <testcase classname="TestCase.TS001_CarLoanTest" name="carLoan" time="0.0">
    <skipped/>
  </testcase> <!-- carLoan -->
</testsuite> <!-- Test -->
